<?xml version="1.0" encoding="UTF-8"?>
<!-- Generated by org.testng.reporters.JUnitReportReporter -->
<testsuite skipped="0" hostname="DESKTOP-6KVQN8U" name="com.pint.TestCases.TC_AddCustomerTest_003" tests="1" failures="0" timestamp="18 Nov 2019 03:33:56 GMT" time="24.885" errors="0">
  <testcase name="addNewCustomer" time="24.885" classname="com.pint.TestCases.TC_AddCustomerTest_003"/>
</testsuite> <!-- com.pint.TestCases.TC_AddCustomerTest_003 -->
